2019-07-10 09:43:26.367  INFO 15776 --- [restartedMain] c.s.DemoApplication                      : Starting DemoApplication on DESKTOP-UC2N7SB with PID 15776 (E:\et\signinSystem-administratorWeb\target\classes started by lyy in E:\et\signinSystem-administratorWeb)
2019-07-10 09:43:26.376  INFO 15776 --- [restartedMain] c.s.DemoApplication                      : No active profile set, falling back to default profiles: default
2019-07-10 09:43:26.452  INFO 15776 --- [restartedMain] .e.DevToolsPropertyDefaultsPostProcessor : Devtools property defaults active! Set 'spring.devtools.add-properties' to 'false' to disable
2019-07-10 09:43:26.452  INFO 15776 --- [restartedMain] .e.DevToolsPropertyDefaultsPostProcessor : For additional web related logging consider setting the 'logging.level.web' property to 'DEBUG'
2019-07-10 09:43:28.009  INFO 15776 --- [restartedMain] .s.d.r.c.RepositoryConfigurationDelegate : Multiple Spring Data modules found, entering strict repository configuration mode!
2019-07-10 09:43:28.014  INFO 15776 --- [restartedMain] .s.d.r.c.RepositoryConfigurationDelegate : Bootstrapping Spring Data repositories in DEFAULT mode.
2019-07-10 09:43:28.191  INFO 15776 --- [restartedMain] .s.d.r.c.RepositoryConfigurationDelegate : Finished Spring Data repository scanning in 167ms. Found 10 repository interfaces.
2019-07-10 09:43:28.204  INFO 15776 --- [restartedMain] .s.d.r.c.RepositoryConfigurationDelegate : Multiple Spring Data modules found, entering strict repository configuration mode!
2019-07-10 09:43:28.205  INFO 15776 --- [restartedMain] .s.d.r.c.RepositoryConfigurationDelegate : Bootstrapping Spring Data repositories in DEFAULT mode.
2019-07-10 09:43:28.240  INFO 15776 --- [restartedMain] .RepositoryConfigurationExtensionSupport : Spring Data Redis - Could not safely identify store assignment for repository candidate interface com.signInStart.Repository.DictionaryContentRepository.
2019-07-10 09:43:28.241  INFO 15776 --- [restartedMain] .RepositoryConfigurationExtensionSupport : Spring Data Redis - Could not safely identify store assignment for repository candidate interface com.signInStart.Repository.DictionaryRepository.
2019-07-10 09:43:28.242  INFO 15776 --- [restartedMain] .RepositoryConfigurationExtensionSupport : Spring Data Redis - Could not safely identify store assignment for repository candidate interface com.signInStart.Repository.MenuRepository.
2019-07-10 09:43:28.242  INFO 15776 --- [restartedMain] .RepositoryConfigurationExtensionSupport : Spring Data Redis - Could not safely identify store assignment for repository candidate interface com.signInStart.Repository.MenuUserTypeRepository.
2019-07-10 09:43:28.243  INFO 15776 --- [restartedMain] .RepositoryConfigurationExtensionSupport : Spring Data Redis - Could not safely identify store assignment for repository candidate interface com.signInStart.Repository.OrganizationRepository.
2019-07-10 09:43:28.243  INFO 15776 --- [restartedMain] .RepositoryConfigurationExtensionSupport : Spring Data Redis - Could not safely identify store assignment for repository candidate interface com.signInStart.Repository.RoleMenuRepository.
2019-07-10 09:43:28.244  INFO 15776 --- [restartedMain] .RepositoryConfigurationExtensionSupport : Spring Data Redis - Could not safely identify store assignment for repository candidate interface com.signInStart.Repository.RoleRepository.
2019-07-10 09:43:28.244  INFO 15776 --- [restartedMain] .RepositoryConfigurationExtensionSupport : Spring Data Redis - Could not safely identify store assignment for repository candidate interface com.signInStart.Repository.ShortMessageRepository.
2019-07-10 09:43:28.245  INFO 15776 --- [restartedMain] .RepositoryConfigurationExtensionSupport : Spring Data Redis - Could not safely identify store assignment for repository candidate interface com.signInStart.Repository.UserInfoRepository.
2019-07-10 09:43:28.245  INFO 15776 --- [restartedMain] .RepositoryConfigurationExtensionSupport : Spring Data Redis - Could not safely identify store assignment for repository candidate interface com.signInStart.Repository.UserRoleRepository.
2019-07-10 09:43:28.245  INFO 15776 --- [restartedMain] .s.d.r.c.RepositoryConfigurationDelegate : Finished Spring Data repository scanning in 33ms. Found 0 repository interfaces.
2019-07-10 09:43:28.706  INFO 15776 --- [restartedMain] trationDelegate$BeanPostProcessorChecker : Bean 'org.springframework.transaction.annotation.ProxyTransactionManagementConfiguration' of type [org.springframework.transaction.annotation.ProxyTransactionManagementConfiguration$$EnhancerBySpringCGLIB$$921a0a0e] is not eligible for getting processed by all BeanPostProcessors (for example: not eligible for auto-proxying)
2019-07-10 09:43:28.739  INFO 15776 --- [restartedMain] trationDelegate$BeanPostProcessorChecker : Bean 'redisConfig' of type [com.signInStart.Configurer.RedisConfig$$EnhancerBySpringCGLIB$$980985a9] is not eligible for getting processed by all BeanPostProcessors (for example: not eligible for auto-proxying)
2019-07-10 09:43:29.344  INFO 15776 --- [restartedMain] o.s.b.w.e.t.TomcatWebServer              : Tomcat initialized with port(s): 8081 (http)
2019-07-10 09:43:29.371  INFO 15776 --- [restartedMain] o.a.c.c.StandardService                  : Starting service [Tomcat]
2019-07-10 09:43:29.371  INFO 15776 --- [restartedMain] o.a.c.c.StandardEngine                   : Starting Servlet engine: [Apache Tomcat/9.0.16]
2019-07-10 09:43:29.383  INFO 15776 --- [restartedMain] o.a.c.c.AprLifecycleListener             : The APR based Apache Tomcat Native library which allows optimal performance in production environments was not found on the java.library.path: [C:\JDK\bin;C:\Windows\Sun\Java\bin;C:\Windows\system32;C:\Windows;C:\Program Files (x86)\Common Files\Oracle\Java\javapath;C:\Windows\system32;C:\Windows;C:\Windows\System32\Wbem;C:\Windows\System32\WindowsPowerShell\v1.0\;C:\Windows\System32\OpenSSH\;";C:\JDK\bin;C:\JDK\jre\bin";C:\Program Files (x86)\Microsoft SQL Server\100\Tools\Binn\;C:\Program Files\Microsoft SQL Server\100\Tools\Binn\;C:\Program Files\Microsoft SQL Server\100\DTS\Binn\;C:\Program Files (x86)\Microsoft SQL Server\100\Tools\Binn\VSShell\Common7\IDE\;C:\Program Files (x86)\Microsoft Visual Studio 9.0\Common7\IDE\PrivateAssemblies\;C:\Program Files (x86)\Microsoft SQL Server\100\DTS\Binn\;D:\SVN\bin;"D:\tomcat\lib;D:\tomcat\bin";D:\Redis\;D:\Git\cmd;D:\NodeJs\;C:\Users\lyy\AppData\Local\Programs\Python\Python37-32\Scripts\;C:\Users\lyy\AppData\Local\Programs\Python\Python37-32\;C:\Users\lyy\AppData\Local\Microsoft\WindowsApps;;D:\pyCharm\PyCharm Community Edition 2019.1.3\bin;;C:\Users\lyy\AppData\Roaming\npm;.]
2019-07-10 09:43:29.612  INFO 15776 --- [restartedMain] o.a.c.c.C.[.[.[/]                        : Initializing Spring embedded WebApplicationContext
2019-07-10 09:43:29.612  INFO 15776 --- [restartedMain] o.s.w.c.ContextLoader                    : Root WebApplicationContext: initialization completed in 3160 ms
2019-07-10 09:43:29.869  INFO 15776 --- [restartedMain] c.z.h.HikariDataSource                   : HikariPool-1 - Starting...
2019-07-10 09:43:30.234  INFO 15776 --- [restartedMain] c.z.h.p.PoolBase                         : HikariPool-1 - Driver does not support get/set network timeout for connections. (com.microsoft.sqlserver.jdbc.SQLServerConnection.getNetworkTimeout()I)
2019-07-10 09:43:30.271  INFO 15776 --- [restartedMain] c.z.h.HikariDataSource                   : HikariPool-1 - Start completed.
2019-07-10 09:43:30.386  INFO 15776 --- [restartedMain] o.h.j.i.u.LogHelper                      : HHH000204: Processing PersistenceUnitInfo [
	name: default
	...]
2019-07-10 09:43:30.513  INFO 15776 --- [restartedMain] o.h.Version                              : HHH000412: Hibernate Core {5.3.7.Final}
2019-07-10 09:43:30.516  INFO 15776 --- [restartedMain] o.h.c.Environment                        : HHH000206: hibernate.properties not found
2019-07-10 09:43:30.723  INFO 15776 --- [restartedMain] o.h.a.c.Version                          : HCANN000001: Hibernate Commons Annotations {5.0.4.Final}
2019-07-10 09:43:32.009  INFO 15776 --- [restartedMain] o.h.d.Dialect                            : HHH000400: Using dialect: org.hibernate.dialect.SQLServer2008Dialect
2019-07-10 09:43:33.215  INFO 15776 --- [restartedMain] j.LocalContainerEntityManagerFactoryBean : Initialized JPA EntityManagerFactory for persistence unit 'default'
2019-07-10 09:43:33.234  INFO 15776 --- [restartedMain] o.s.b.d.a.OptionalLiveReloadServer       : LiveReload server is running on port 35729
2019-07-10 09:43:33.629  INFO 15776 --- [restartedMain] o.h.h.i.QueryTranslatorFactoryInitiator  : HHH000397: Using ASTQueryTranslatorFactory
2019-07-10 09:43:34.574  INFO 15776 --- [restartedMain] o.s.s.c.ThreadPoolTaskExecutor           : Initializing ExecutorService 'applicationTaskExecutor'
2019-07-10 09:43:34.739  WARN 15776 --- [restartedMain] ion$DefaultTemplateResolverConfiguration : Cannot find template location: classpath:/templates/ (please add some templates or check your Thymeleaf configuration)
2019-07-10 09:43:34.788  INFO 15776 --- [restartedMain] o.s.b.a.w.s.WelcomePageHandlerMapping    : Adding welcome page: class path resource [static/index.html]
2019-07-10 09:43:36.905  INFO 15776 --- [restartedMain] o.s.b.w.e.t.TomcatWebServer              : Tomcat started on port(s): 8081 (http) with context path ''
2019-07-10 09:43:36.908  INFO 15776 --- [restartedMain] c.s.DemoApplication                      : Started DemoApplication in 11.111 seconds (JVM running for 12.226)
2019-07-10 09:43:41.500  INFO 15776 --- [http-nio-8081-exec-1] o.a.c.c.C.[.[.[/]                        : Initializing Spring DispatcherServlet 'dispatcherServlet'
2019-07-10 09:43:41.500  INFO 15776 --- [http-nio-8081-exec-1] o.s.w.s.DispatcherServlet                : Initializing Servlet 'dispatcherServlet'
2019-07-10 09:43:41.509  INFO 15776 --- [http-nio-8081-exec-1] o.s.w.s.DispatcherServlet                : Completed initialization in 9 ms
2019-07-10 09:43:41.577  INFO 15776 --- [http-nio-8081-exec-1] c.s.C.I.LoginInterceptor                 : 用户:0:0:0:0:0:0:0:1 发送了一个请求
2019-07-10 09:44:11.451  INFO 20184 --- [restartedMain] c.s.DemoApplication                      : Starting DemoApplication on DESKTOP-UC2N7SB with PID 20184 (E:\et\signinSystem-administratorWeb\target\classes started by lyy in E:\et\signinSystem-administratorWeb)
2019-07-10 09:44:11.460  INFO 20184 --- [restartedMain] c.s.DemoApplication                      : No active profile set, falling back to default profiles: default
2019-07-10 09:44:11.537  INFO 20184 --- [restartedMain] .e.DevToolsPropertyDefaultsPostProcessor : Devtools property defaults active! Set 'spring.devtools.add-properties' to 'false' to disable
2019-07-10 09:44:11.538  INFO 20184 --- [restartedMain] .e.DevToolsPropertyDefaultsPostProcessor : For additional web related logging consider setting the 'logging.level.web' property to 'DEBUG'
2019-07-10 09:44:13.446  INFO 20184 --- [restartedMain] .s.d.r.c.RepositoryConfigurationDelegate : Multiple Spring Data modules found, entering strict repository configuration mode!
2019-07-10 09:44:13.452  INFO 20184 --- [restartedMain] .s.d.r.c.RepositoryConfigurationDelegate : Bootstrapping Spring Data repositories in DEFAULT mode.
2019-07-10 09:44:13.652  INFO 20184 --- [restartedMain] .s.d.r.c.RepositoryConfigurationDelegate : Finished Spring Data repository scanning in 188ms. Found 10 repository interfaces.
2019-07-10 09:44:13.665  INFO 20184 --- [restartedMain] .s.d.r.c.RepositoryConfigurationDelegate : Multiple Spring Data modules found, entering strict repository configuration mode!
2019-07-10 09:44:13.666  INFO 20184 --- [restartedMain] .s.d.r.c.RepositoryConfigurationDelegate : Bootstrapping Spring Data repositories in DEFAULT mode.
2019-07-10 09:44:13.699  INFO 20184 --- [restartedMain] .RepositoryConfigurationExtensionSupport : Spring Data Redis - Could not safely identify store assignment for repository candidate interface com.signInStart.Repository.DictionaryContentRepository.
2019-07-10 09:44:13.699  INFO 20184 --- [restartedMain] .RepositoryConfigurationExtensionSupport : Spring Data Redis - Could not safely identify store assignment for repository candidate interface com.signInStart.Repository.DictionaryRepository.
2019-07-10 09:44:13.700  INFO 20184 --- [restartedMain] .RepositoryConfigurationExtensionSupport : Spring Data Redis - Could not safely identify store assignment for repository candidate interface com.signInStart.Repository.MenuRepository.
2019-07-10 09:44:13.701  INFO 20184 --- [restartedMain] .RepositoryConfigurationExtensionSupport : Spring Data Redis - Could not safely identify store assignment for repository candidate interface com.signInStart.Repository.MenuUserTypeRepository.
2019-07-10 09:44:13.701  INFO 20184 --- [restartedMain] .RepositoryConfigurationExtensionSupport : Spring Data Redis - Could not safely identify store assignment for repository candidate interface com.signInStart.Repository.OrganizationRepository.
2019-07-10 09:44:13.702  INFO 20184 --- [restartedMain] .RepositoryConfigurationExtensionSupport : Spring Data Redis - Could not safely identify store assignment for repository candidate interface com.signInStart.Repository.RoleMenuRepository.
2019-07-10 09:44:13.702  INFO 20184 --- [restartedMain] .RepositoryConfigurationExtensionSupport : Spring Data Redis - Could not safely identify store assignment for repository candidate interface com.signInStart.Repository.RoleRepository.
2019-07-10 09:44:13.703  INFO 20184 --- [restartedMain] .RepositoryConfigurationExtensionSupport : Spring Data Redis - Could not safely identify store assignment for repository candidate interface com.signInStart.Repository.ShortMessageRepository.
2019-07-10 09:44:13.703  INFO 20184 --- [restartedMain] .RepositoryConfigurationExtensionSupport : Spring Data Redis - Could not safely identify store assignment for repository candidate interface com.signInStart.Repository.UserInfoRepository.
2019-07-10 09:44:13.704  INFO 20184 --- [restartedMain] .RepositoryConfigurationExtensionSupport : Spring Data Redis - Could not safely identify store assignment for repository candidate interface com.signInStart.Repository.UserRoleRepository.
2019-07-10 09:44:13.704  INFO 20184 --- [restartedMain] .s.d.r.c.RepositoryConfigurationDelegate : Finished Spring Data repository scanning in 29ms. Found 0 repository interfaces.
2019-07-10 09:44:14.207  INFO 20184 --- [restartedMain] trationDelegate$BeanPostProcessorChecker : Bean 'org.springframework.transaction.annotation.ProxyTransactionManagementConfiguration' of type [org.springframework.transaction.annotation.ProxyTransactionManagementConfiguration$$EnhancerBySpringCGLIB$$d1c69fca] is not eligible for getting processed by all BeanPostProcessors (for example: not eligible for auto-proxying)
2019-07-10 09:44:14.243  INFO 20184 --- [restartedMain] trationDelegate$BeanPostProcessorChecker : Bean 'redisConfig' of type [com.signInStart.Configurer.RedisConfig$$EnhancerBySpringCGLIB$$d7b61b65] is not eligible for getting processed by all BeanPostProcessors (for example: not eligible for auto-proxying)
2019-07-10 09:44:14.862  INFO 20184 --- [restartedMain] o.s.b.w.e.t.TomcatWebServer              : Tomcat initialized with port(s): 8081 (http)
2019-07-10 09:44:14.896  INFO 20184 --- [restartedMain] o.a.c.c.StandardService                  : Starting service [Tomcat]
2019-07-10 09:44:14.897  INFO 20184 --- [restartedMain] o.a.c.c.StandardEngine                   : Starting Servlet engine: [Apache Tomcat/9.0.16]
2019-07-10 09:44:14.909  INFO 20184 --- [restartedMain] o.a.c.c.AprLifecycleListener             : The APR based Apache Tomcat Native library which allows optimal performance in production environments was not found on the java.library.path: [C:\JDK\bin;C:\Windows\Sun\Java\bin;C:\Windows\system32;C:\Windows;C:\Program Files (x86)\Common Files\Oracle\Java\javapath;C:\Windows\system32;C:\Windows;C:\Windows\System32\Wbem;C:\Windows\System32\WindowsPowerShell\v1.0\;C:\Windows\System32\OpenSSH\;";C:\JDK\bin;C:\JDK\jre\bin";C:\Program Files (x86)\Microsoft SQL Server\100\Tools\Binn\;C:\Program Files\Microsoft SQL Server\100\Tools\Binn\;C:\Program Files\Microsoft SQL Server\100\DTS\Binn\;C:\Program Files (x86)\Microsoft SQL Server\100\Tools\Binn\VSShell\Common7\IDE\;C:\Program Files (x86)\Microsoft Visual Studio 9.0\Common7\IDE\PrivateAssemblies\;C:\Program Files (x86)\Microsoft SQL Server\100\DTS\Binn\;D:\SVN\bin;"D:\tomcat\lib;D:\tomcat\bin";D:\Redis\;D:\Git\cmd;D:\NodeJs\;C:\Users\lyy\AppData\Local\Programs\Python\Python37-32\Scripts\;C:\Users\lyy\AppData\Local\Programs\Python\Python37-32\;C:\Users\lyy\AppData\Local\Microsoft\WindowsApps;;D:\pyCharm\PyCharm Community Edition 2019.1.3\bin;;C:\Users\lyy\AppData\Roaming\npm;.]
2019-07-10 09:44:15.108  INFO 20184 --- [restartedMain] o.a.c.c.C.[.[.[/]                        : Initializing Spring embedded WebApplicationContext
2019-07-10 09:44:15.108  INFO 20184 --- [restartedMain] o.s.w.c.ContextLoader                    : Root WebApplicationContext: initialization completed in 3570 ms
2019-07-10 09:44:15.323  INFO 20184 --- [restartedMain] c.z.h.HikariDataSource                   : HikariPool-1 - Starting...
2019-07-10 09:44:15.660  INFO 20184 --- [restartedMain] c.z.h.p.PoolBase                         : HikariPool-1 - Driver does not support get/set network timeout for connections. (com.microsoft.sqlserver.jdbc.SQLServerConnection.getNetworkTimeout()I)
2019-07-10 09:44:15.728  INFO 20184 --- [restartedMain] c.z.h.HikariDataSource                   : HikariPool-1 - Start completed.
2019-07-10 09:44:15.823  INFO 20184 --- [restartedMain] o.h.j.i.u.LogHelper                      : HHH000204: Processing PersistenceUnitInfo [
	name: default
	...]
2019-07-10 09:44:15.920  INFO 20184 --- [restartedMain] o.h.Version                              : HHH000412: Hibernate Core {5.3.7.Final}
2019-07-10 09:44:15.923  INFO 20184 --- [restartedMain] o.h.c.Environment                        : HHH000206: hibernate.properties not found
2019-07-10 09:44:16.112  INFO 20184 --- [restartedMain] o.h.a.c.Version                          : HCANN000001: Hibernate Commons Annotations {5.0.4.Final}
2019-07-10 09:44:17.346  INFO 20184 --- [restartedMain] o.h.d.Dialect                            : HHH000400: Using dialect: org.hibernate.dialect.SQLServer2008Dialect
2019-07-10 09:44:18.695  INFO 20184 --- [restartedMain] j.LocalContainerEntityManagerFactoryBean : Initialized JPA EntityManagerFactory for persistence unit 'default'
2019-07-10 09:44:18.714  INFO 20184 --- [restartedMain] o.s.b.d.a.OptionalLiveReloadServer       : LiveReload server is running on port 35729
2019-07-10 09:44:19.101  INFO 20184 --- [restartedMain] o.h.h.i.QueryTranslatorFactoryInitiator  : HHH000397: Using ASTQueryTranslatorFactory
2019-07-10 09:44:20.040  INFO 20184 --- [restartedMain] o.s.s.c.ThreadPoolTaskExecutor           : Initializing ExecutorService 'applicationTaskExecutor'
2019-07-10 09:44:20.217  WARN 20184 --- [restartedMain] ion$DefaultTemplateResolverConfiguration : Cannot find template location: classpath:/templates/ (please add some templates or check your Thymeleaf configuration)
2019-07-10 09:44:20.269  INFO 20184 --- [restartedMain] o.s.b.a.w.s.WelcomePageHandlerMapping    : Adding welcome page: class path resource [static/index.html]
2019-07-10 09:44:22.422  INFO 20184 --- [restartedMain] o.s.b.w.e.t.TomcatWebServer              : Tomcat started on port(s): 8081 (http) with context path ''
2019-07-10 09:44:22.425  INFO 20184 --- [restartedMain] c.s.DemoApplication                      : Started DemoApplication in 11.538 seconds (JVM running for 12.651)
2019-07-10 09:44:58.112  INFO 20184 --- [http-nio-8081-exec-2] o.a.c.c.C.[.[.[/]                        : Initializing Spring DispatcherServlet 'dispatcherServlet'
2019-07-10 09:44:58.112  INFO 20184 --- [http-nio-8081-exec-2] o.s.w.s.DispatcherServlet                : Initializing Servlet 'dispatcherServlet'
2019-07-10 09:44:58.125  INFO 20184 --- [http-nio-8081-exec-2] o.s.w.s.DispatcherServlet                : Completed initialization in 13 ms
2019-07-10 09:44:58.180  INFO 20184 --- [http-nio-8081-exec-2] c.s.C.I.LoginInterceptor                 : 用户:0:0:0:0:0:0:0:1 发送了一个请求
2019-07-10 09:45:15.796  INFO 20368 --- [restartedMain] c.s.DemoApplication                      : Starting DemoApplication on DESKTOP-UC2N7SB with PID 20368 (E:\et\signinSystem-administratorWeb\target\classes started by lyy in E:\et\signinSystem-administratorWeb)
2019-07-10 09:45:15.805  INFO 20368 --- [restartedMain] c.s.DemoApplication                      : No active profile set, falling back to default profiles: default
2019-07-10 09:45:15.865  INFO 20368 --- [restartedMain] .e.DevToolsPropertyDefaultsPostProcessor : Devtools property defaults active! Set 'spring.devtools.add-properties' to 'false' to disable
2019-07-10 09:45:15.866  INFO 20368 --- [restartedMain] .e.DevToolsPropertyDefaultsPostProcessor : For additional web related logging consider setting the 'logging.level.web' property to 'DEBUG'
2019-07-10 09:45:17.526  INFO 20368 --- [restartedMain] .s.d.r.c.RepositoryConfigurationDelegate : Multiple Spring Data modules found, entering strict repository configuration mode!
2019-07-10 09:45:17.530  INFO 20368 --- [restartedMain] .s.d.r.c.RepositoryConfigurationDelegate : Bootstrapping Spring Data repositories in DEFAULT mode.
2019-07-10 09:45:17.728  INFO 20368 --- [restartedMain] .s.d.r.c.RepositoryConfigurationDelegate : Finished Spring Data repository scanning in 188ms. Found 10 repository interfaces.
2019-07-10 09:45:17.744  INFO 20368 --- [restartedMain] .s.d.r.c.RepositoryConfigurationDelegate : Multiple Spring Data modules found, entering strict repository configuration mode!
2019-07-10 09:45:17.747  INFO 20368 --- [restartedMain] .s.d.r.c.RepositoryConfigurationDelegate : Bootstrapping Spring Data repositories in DEFAULT mode.
2019-07-10 09:45:17.784  INFO 20368 --- [restartedMain] .RepositoryConfigurationExtensionSupport : Spring Data Redis - Could not safely identify store assignment for repository candidate interface com.signInStart.Repository.DictionaryContentRepository.
2019-07-10 09:45:17.784  INFO 20368 --- [restartedMain] .RepositoryConfigurationExtensionSupport : Spring Data Redis - Could not safely identify store assignment for repository candidate interface com.signInStart.Repository.DictionaryRepository.
2019-07-10 09:45:17.785  INFO 20368 --- [restartedMain] .RepositoryConfigurationExtensionSupport : Spring Data Redis - Could not safely identify store assignment for repository candidate interface com.signInStart.Repository.MenuRepository.
2019-07-10 09:45:17.785  INFO 20368 --- [restartedMain] .RepositoryConfigurationExtensionSupport : Spring Data Redis - Could not safely identify store assignment for repository candidate interface com.signInStart.Repository.MenuUserTypeRepository.
2019-07-10 09:45:17.785  INFO 20368 --- [restartedMain] .RepositoryConfigurationExtensionSupport : Spring Data Redis - Could not safely identify store assignment for repository candidate interface com.signInStart.Repository.OrganizationRepository.
2019-07-10 09:45:17.786  INFO 20368 --- [restartedMain] .RepositoryConfigurationExtensionSupport : Spring Data Redis - Could not safely identify store assignment for repository candidate interface com.signInStart.Repository.RoleMenuRepository.
2019-07-10 09:45:17.786  INFO 20368 --- [restartedMain] .RepositoryConfigurationExtensionSupport : Spring Data Redis - Could not safely identify store assignment for repository candidate interface com.signInStart.Repository.RoleRepository.
2019-07-10 09:45:17.787  INFO 20368 --- [restartedMain] .RepositoryConfigurationExtensionSupport : Spring Data Redis - Could not safely identify store assignment for repository candidate interface com.signInStart.Repository.ShortMessageRepository.
2019-07-10 09:45:17.787  INFO 20368 --- [restartedMain] .RepositoryConfigurationExtensionSupport : Spring Data Redis - Could not safely identify store assignment for repository candidate interface com.signInStart.Repository.UserInfoRepository.
2019-07-10 09:45:17.788  INFO 20368 --- [restartedMain] .RepositoryConfigurationExtensionSupport : Spring Data Redis - Could not safely identify store assignment for repository candidate interface com.signInStart.Repository.UserRoleRepository.
2019-07-10 09:45:17.788  INFO 20368 --- [restartedMain] .s.d.r.c.RepositoryConfigurationDelegate : Finished Spring Data repository scanning in 33ms. Found 0 repository interfaces.
2019-07-10 09:45:18.232  INFO 20368 --- [restartedMain] trationDelegate$BeanPostProcessorChecker : Bean 'org.springframework.transaction.annotation.ProxyTransactionManagementConfiguration' of type [org.springframework.transaction.annotation.ProxyTransactionManagementConfiguration$$EnhancerBySpringCGLIB$$3c0aaaf5] is not eligible for getting processed by all BeanPostProcessors (for example: not eligible for auto-proxying)
2019-07-10 09:45:18.264  INFO 20368 --- [restartedMain] trationDelegate$BeanPostProcessorChecker : Bean 'redisConfig' of type [com.signInStart.Configurer.RedisConfig$$EnhancerBySpringCGLIB$$41fa2690] is not eligible for getting processed by all BeanPostProcessors (for example: not eligible for auto-proxying)
2019-07-10 09:45:18.851  INFO 20368 --- [restartedMain] o.s.b.w.e.t.TomcatWebServer              : Tomcat initialized with port(s): 8081 (http)
2019-07-10 09:45:18.878  INFO 20368 --- [restartedMain] o.a.c.c.StandardService                  : Starting service [Tomcat]
2019-07-10 09:45:18.879  INFO 20368 --- [restartedMain] o.a.c.c.StandardEngine                   : Starting Servlet engine: [Apache Tomcat/9.0.16]
2019-07-10 09:45:18.893  INFO 20368 --- [restartedMain] o.a.c.c.AprLifecycleListener             : The APR based Apache Tomcat Native library which allows optimal performance in production environments was not found on the java.library.path: [C:\JDK\bin;C:\Windows\Sun\Java\bin;C:\Windows\system32;C:\Windows;C:\Program Files (x86)\Common Files\Oracle\Java\javapath;C:\Windows\system32;C:\Windows;C:\Windows\System32\Wbem;C:\Windows\System32\WindowsPowerShell\v1.0\;C:\Windows\System32\OpenSSH\;";C:\JDK\bin;C:\JDK\jre\bin";C:\Program Files (x86)\Microsoft SQL Server\100\Tools\Binn\;C:\Program Files\Microsoft SQL Server\100\Tools\Binn\;C:\Program Files\Microsoft SQL Server\100\DTS\Binn\;C:\Program Files (x86)\Microsoft SQL Server\100\Tools\Binn\VSShell\Common7\IDE\;C:\Program Files (x86)\Microsoft Visual Studio 9.0\Common7\IDE\PrivateAssemblies\;C:\Program Files (x86)\Microsoft SQL Server\100\DTS\Binn\;D:\SVN\bin;"D:\tomcat\lib;D:\tomcat\bin";D:\Redis\;D:\Git\cmd;D:\NodeJs\;C:\Users\lyy\AppData\Local\Programs\Python\Python37-32\Scripts\;C:\Users\lyy\AppData\Local\Programs\Python\Python37-32\;C:\Users\lyy\AppData\Local\Microsoft\WindowsApps;;D:\pyCharm\PyCharm Community Edition 2019.1.3\bin;;C:\Users\lyy\AppData\Roaming\npm;.]
2019-07-10 09:45:19.091  INFO 20368 --- [restartedMain] o.a.c.c.C.[.[.[/]                        : Initializing Spring embedded WebApplicationContext
2019-07-10 09:45:19.091  INFO 20368 --- [restartedMain] o.s.w.c.ContextLoader                    : Root WebApplicationContext: initialization completed in 3225 ms
2019-07-10 09:45:19.291  INFO 20368 --- [restartedMain] c.z.h.HikariDataSource                   : HikariPool-1 - Starting...
2019-07-10 09:45:19.598  INFO 20368 --- [restartedMain] c.z.h.p.PoolBase                         : HikariPool-1 - Driver does not support get/set network timeout for connections. (com.microsoft.sqlserver.jdbc.SQLServerConnection.getNetworkTimeout()I)
2019-07-10 09:45:19.642  INFO 20368 --- [restartedMain] c.z.h.HikariDataSource                   : HikariPool-1 - Start completed.
2019-07-10 09:45:19.726  INFO 20368 --- [restartedMain] o.h.j.i.u.LogHelper                      : HHH000204: Processing PersistenceUnitInfo [
	name: default
	...]
2019-07-10 09:45:19.849  INFO 20368 --- [restartedMain] o.h.Version                              : HHH000412: Hibernate Core {5.3.7.Final}
2019-07-10 09:45:19.850  INFO 20368 --- [restartedMain] o.h.c.Environment                        : HHH000206: hibernate.properties not found
2019-07-10 09:45:20.011  INFO 20368 --- [restartedMain] o.h.a.c.Version                          : HCANN000001: Hibernate Commons Annotations {5.0.4.Final}
2019-07-10 09:45:21.177  INFO 20368 --- [restartedMain] o.h.d.Dialect                            : HHH000400: Using dialect: org.hibernate.dialect.SQLServer2008Dialect
2019-07-10 09:45:22.463  INFO 20368 --- [restartedMain] j.LocalContainerEntityManagerFactoryBean : Initialized JPA EntityManagerFactory for persistence unit 'default'
2019-07-10 09:45:22.482  INFO 20368 --- [restartedMain] o.s.b.d.a.OptionalLiveReloadServer       : LiveReload server is running on port 35729
2019-07-10 09:45:22.870  INFO 20368 --- [restartedMain] o.h.h.i.QueryTranslatorFactoryInitiator  : HHH000397: Using ASTQueryTranslatorFactory
2019-07-10 09:45:23.893  INFO 20368 --- [restartedMain] o.s.s.c.ThreadPoolTaskExecutor           : Initializing ExecutorService 'applicationTaskExecutor'
2019-07-10 09:45:24.047  WARN 20368 --- [restartedMain] ion$DefaultTemplateResolverConfiguration : Cannot find template location: classpath:/templates/ (please add some templates or check your Thymeleaf configuration)
2019-07-10 09:45:24.094  INFO 20368 --- [restartedMain] o.s.b.a.w.s.WelcomePageHandlerMapping    : Adding welcome page: class path resource [static/index.html]
2019-07-10 09:45:26.300  INFO 20368 --- [restartedMain] o.s.b.w.e.t.TomcatWebServer              : Tomcat started on port(s): 8081 (http) with context path ''
2019-07-10 09:45:26.303  INFO 20368 --- [restartedMain] c.s.DemoApplication                      : Started DemoApplication in 11.027 seconds (JVM running for 12.146)
2019-07-10 09:48:40.993  INFO 20368 --- [http-nio-8081-exec-2] o.a.c.c.C.[.[.[/]                        : Initializing Spring DispatcherServlet 'dispatcherServlet'
2019-07-10 09:48:40.993  INFO 20368 --- [http-nio-8081-exec-2] o.s.w.s.DispatcherServlet                : Initializing Servlet 'dispatcherServlet'
2019-07-10 09:48:41.003  INFO 20368 --- [http-nio-8081-exec-2] o.s.w.s.DispatcherServlet                : Completed initialization in 10 ms
2019-07-10 09:48:41.062  INFO 20368 --- [http-nio-8081-exec-2] c.s.C.I.LoginInterceptor                 : 用户:0:0:0:0:0:0:0:1 发送了一个请求
2019-07-10 09:48:59.444  INFO 20368 --- [http-nio-8081-exec-3] c.s.C.I.LoginInterceptor                 : 用户:0:0:0:0:0:0:0:1 发送了一个请求
2019-07-10 09:52:01.625  INFO 8160 --- [restartedMain] c.s.DemoApplication                      : Starting DemoApplication on DESKTOP-UC2N7SB with PID 8160 (E:\et\signinSystem-administratorWeb\target\classes started by lyy in E:\et\signinSystem-administratorWeb)
2019-07-10 09:52:01.634  INFO 8160 --- [restartedMain] c.s.DemoApplication                      : No active profile set, falling back to default profiles: default
2019-07-10 09:52:01.693  INFO 8160 --- [restartedMain] .e.DevToolsPropertyDefaultsPostProcessor : Devtools property defaults active! Set 'spring.devtools.add-properties' to 'false' to disable
2019-07-10 09:52:01.693  INFO 8160 --- [restartedMain] .e.DevToolsPropertyDefaultsPostProcessor : For additional web related logging consider setting the 'logging.level.web' property to 'DEBUG'
2019-07-10 09:52:03.109  INFO 8160 --- [restartedMain] .s.d.r.c.RepositoryConfigurationDelegate : Multiple Spring Data modules found, entering strict repository configuration mode!
2019-07-10 09:52:03.114  INFO 8160 --- [restartedMain] .s.d.r.c.RepositoryConfigurationDelegate : Bootstrapping Spring Data repositories in DEFAULT mode.
2019-07-10 09:52:03.376  INFO 8160 --- [restartedMain] .s.d.r.c.RepositoryConfigurationDelegate : Finished Spring Data repository scanning in 248ms. Found 10 repository interfaces.
2019-07-10 09:52:03.393  INFO 8160 --- [restartedMain] .s.d.r.c.RepositoryConfigurationDelegate : Multiple Spring Data modules found, entering strict repository configuration mode!
2019-07-10 09:52:03.395  INFO 8160 --- [restartedMain] .s.d.r.c.RepositoryConfigurationDelegate : Bootstrapping Spring Data repositories in DEFAULT mode.
2019-07-10 09:52:03.441  INFO 8160 --- [restartedMain] .RepositoryConfigurationExtensionSupport : Spring Data Redis - Could not safely identify store assignment for repository candidate interface com.signInStart.Repository.DictionaryContentRepository.
2019-07-10 09:52:03.442  INFO 8160 --- [restartedMain] .RepositoryConfigurationExtensionSupport : Spring Data Redis - Could not safely identify store assignment for repository candidate interface com.signInStart.Repository.DictionaryRepository.
2019-07-10 09:52:03.442  INFO 8160 --- [restartedMain] .RepositoryConfigurationExtensionSupport : Spring Data Redis - Could not safely identify store assignment for repository candidate interface com.signInStart.Repository.MenuRepository.
2019-07-10 09:52:03.443  INFO 8160 --- [restartedMain] .RepositoryConfigurationExtensionSupport : Spring Data Redis - Could not safely identify store assignment for repository candidate interface com.signInStart.Repository.MenuUserTypeRepository.
2019-07-10 09:52:03.443  INFO 8160 --- [restartedMain] .RepositoryConfigurationExtensionSupport : Spring Data Redis - Could not safely identify store assignment for repository candidate interface com.signInStart.Repository.OrganizationRepository.
2019-07-10 09:52:03.444  INFO 8160 --- [restartedMain] .RepositoryConfigurationExtensionSupport : Spring Data Redis - Could not safely identify store assignment for repository candidate interface com.signInStart.Repository.RoleMenuRepository.
2019-07-10 09:52:03.444  INFO 8160 --- [restartedMain] .RepositoryConfigurationExtensionSupport : Spring Data Redis - Could not safely identify store assignment for repository candidate interface com.signInStart.Repository.RoleRepository.
2019-07-10 09:52:03.445  INFO 8160 --- [restartedMain] .RepositoryConfigurationExtensionSupport : Spring Data Redis - Could not safely identify store assignment for repository candidate interface com.signInStart.Repository.ShortMessageRepository.
2019-07-10 09:52:03.445  INFO 8160 --- [restartedMain] .RepositoryConfigurationExtensionSupport : Spring Data Redis - Could not safely identify store assignment for repository candidate interface com.signInStart.Repository.UserInfoRepository.
2019-07-10 09:52:03.446  INFO 8160 --- [restartedMain] .RepositoryConfigurationExtensionSupport : Spring Data Redis - Could not safely identify store assignment for repository candidate interface com.signInStart.Repository.UserRoleRepository.
2019-07-10 09:52:03.446  INFO 8160 --- [restartedMain] .s.d.r.c.RepositoryConfigurationDelegate : Finished Spring Data repository scanning in 39ms. Found 0 repository interfaces.
2019-07-10 09:52:03.907  INFO 8160 --- [restartedMain] trationDelegate$BeanPostProcessorChecker : Bean 'org.springframework.transaction.annotation.ProxyTransactionManagementConfiguration' of type [org.springframework.transaction.annotation.ProxyTransactionManagementConfiguration$$EnhancerBySpringCGLIB$$5bd6eda4] is not eligible for getting processed by all BeanPostProcessors (for example: not eligible for auto-proxying)
2019-07-10 09:52:03.942  INFO 8160 --- [restartedMain] trationDelegate$BeanPostProcessorChecker : Bean 'redisConfig' of type [com.signInStart.Configurer.RedisConfig$$EnhancerBySpringCGLIB$$61c6693f] is not eligible for getting processed by all BeanPostProcessors (for example: not eligible for auto-proxying)
2019-07-10 09:52:04.590  INFO 8160 --- [restartedMain] o.s.b.w.e.t.TomcatWebServer              : Tomcat initialized with port(s): 8081 (http)
2019-07-10 09:52:04.623  INFO 8160 --- [restartedMain] o.a.c.c.StandardService                  : Starting service [Tomcat]
2019-07-10 09:52:04.624  INFO 8160 --- [restartedMain] o.a.c.c.StandardEngine                   : Starting Servlet engine: [Apache Tomcat/9.0.16]
2019-07-10 09:52:04.636  INFO 8160 --- [restartedMain] o.a.c.c.AprLifecycleListener             : The APR based Apache Tomcat Native library which allows optimal performance in production environments was not found on the java.library.path: [C:\JDK\bin;C:\Windows\Sun\Java\bin;C:\Windows\system32;C:\Windows;C:\Program Files (x86)\Common Files\Oracle\Java\javapath;C:\Windows\system32;C:\Windows;C:\Windows\System32\Wbem;C:\Windows\System32\WindowsPowerShell\v1.0\;C:\Windows\System32\OpenSSH\;";C:\JDK\bin;C:\JDK\jre\bin";C:\Program Files (x86)\Microsoft SQL Server\100\Tools\Binn\;C:\Program Files\Microsoft SQL Server\100\Tools\Binn\;C:\Program Files\Microsoft SQL Server\100\DTS\Binn\;C:\Program Files (x86)\Microsoft SQL Server\100\Tools\Binn\VSShell\Common7\IDE\;C:\Program Files (x86)\Microsoft Visual Studio 9.0\Common7\IDE\PrivateAssemblies\;C:\Program Files (x86)\Microsoft SQL Server\100\DTS\Binn\;D:\SVN\bin;"D:\tomcat\lib;D:\tomcat\bin";D:\Redis\;D:\Git\cmd;D:\NodeJs\;C:\Users\lyy\AppData\Local\Programs\Python\Python37-32\Scripts\;C:\Users\lyy\AppData\Local\Programs\Python\Python37-32\;C:\Users\lyy\AppData\Local\Microsoft\WindowsApps;;D:\pyCharm\PyCharm Community Edition 2019.1.3\bin;;C:\Users\lyy\AppData\Roaming\npm;.]
2019-07-10 09:52:04.825  INFO 8160 --- [restartedMain] o.a.c.c.C.[.[.[/]                        : Initializing Spring embedded WebApplicationContext
2019-07-10 09:52:04.825  INFO 8160 --- [restartedMain] o.s.w.c.ContextLoader                    : Root WebApplicationContext: initialization completed in 3132 ms
2019-07-10 09:52:05.045  INFO 8160 --- [restartedMain] c.z.h.HikariDataSource                   : HikariPool-1 - Starting...
2019-07-10 09:52:05.359  INFO 8160 --- [restartedMain] c.z.h.p.PoolBase                         : HikariPool-1 - Driver does not support get/set network timeout for connections. (com.microsoft.sqlserver.jdbc.SQLServerConnection.getNetworkTimeout()I)
2019-07-10 09:52:05.398  INFO 8160 --- [restartedMain] c.z.h.HikariDataSource                   : HikariPool-1 - Start completed.
2019-07-10 09:52:05.509  INFO 8160 --- [restartedMain] o.h.j.i.u.LogHelper                      : HHH000204: Processing PersistenceUnitInfo [
	name: default
	...]
2019-07-10 09:52:05.595  INFO 8160 --- [restartedMain] o.h.Version                              : HHH000412: Hibernate Core {5.3.7.Final}
2019-07-10 09:52:05.597  INFO 8160 --- [restartedMain] o.h.c.Environment                        : HHH000206: hibernate.properties not found
2019-07-10 09:52:05.755  INFO 8160 --- [restartedMain] o.h.a.c.Version                          : HCANN000001: Hibernate Commons Annotations {5.0.4.Final}
2019-07-10 09:52:06.956  INFO 8160 --- [restartedMain] o.h.d.Dialect                            : HHH000400: Using dialect: org.hibernate.dialect.SQLServer2008Dialect
2019-07-10 09:52:08.225  INFO 8160 --- [restartedMain] j.LocalContainerEntityManagerFactoryBean : Initialized JPA EntityManagerFactory for persistence unit 'default'
2019-07-10 09:52:08.247  INFO 8160 --- [restartedMain] o.s.b.d.a.OptionalLiveReloadServer       : LiveReload server is running on port 35729
2019-07-10 09:52:08.628  INFO 8160 --- [restartedMain] o.h.h.i.QueryTranslatorFactoryInitiator  : HHH000397: Using ASTQueryTranslatorFactory
2019-07-10 09:52:09.598  INFO 8160 --- [restartedMain] o.s.s.c.ThreadPoolTaskExecutor           : Initializing ExecutorService 'applicationTaskExecutor'
2019-07-10 09:52:09.777  WARN 8160 --- [restartedMain] ion$DefaultTemplateResolverConfiguration : Cannot find template location: classpath:/templates/ (please add some templates or check your Thymeleaf configuration)
2019-07-10 09:52:09.826  INFO 8160 --- [restartedMain] o.s.b.a.w.s.WelcomePageHandlerMapping    : Adding welcome page: class path resource [static/index.html]
2019-07-10 09:52:11.916  INFO 8160 --- [restartedMain] o.s.b.w.e.t.TomcatWebServer              : Tomcat started on port(s): 8081 (http) with context path ''
2019-07-10 09:52:11.919  INFO 8160 --- [restartedMain] c.s.DemoApplication                      : Started DemoApplication in 10.882 seconds (JVM running for 12.137)
2019-07-10 09:52:22.574  INFO 8160 --- [http-nio-8081-exec-1] o.a.c.c.C.[.[.[/]                        : Initializing Spring DispatcherServlet 'dispatcherServlet'
2019-07-10 09:52:22.574  INFO 8160 --- [http-nio-8081-exec-1] o.s.w.s.DispatcherServlet                : Initializing Servlet 'dispatcherServlet'
2019-07-10 09:52:22.584  INFO 8160 --- [http-nio-8081-exec-1] o.s.w.s.DispatcherServlet                : Completed initialization in 10 ms
2019-07-10 09:52:22.651  INFO 8160 --- [http-nio-8081-exec-1] c.s.C.I.LoginInterceptor                 : 用户:0:0:0:0:0:0:0:1 发送了一个请求：http://localhost:8081/role/all
